# JRE version: Java(TM) SE Runtime Environment (20.0+36) (build 20+36-2344)
# Java VM: Java HotSpot(TM) 64-Bit Server VM (20+36-2344, mixed mode, emulated-client, sharing, tiered, compressed oops, compressed class ptrs, g1 gc, windows-amd64)
GC Precious Log:
 CardTable entry size: 512
 Card Set container configuration: InlinePtr #cards 5 size 8 Array Of Cards #cards 12 size 40 Howl #buckets 4 coarsen threshold 1843 Howl Bitmap #cards 512 size 80 coarsen threshold 460 Card regions per heap region 1 cards per card region 2048
 CPUs: 4 total, 4 available
 Memory: 6093M
 Large Page Support: Disabled
 NUMA Support: Disabled
 Compressed Oops: Enabled (32-bit)
 Heap Region Size: 1M
 Heap Min Capacity: 8M
 Heap Initial Capacity: 96M
 Heap Max Capacity: 1G
 Pre-touch: Disabled
 Parallel Workers: 4
 Concurrent Workers: 1
 Concurrent Refinement Workers: 4
 Periodic GC: Disabled
Heap:
 garbage-first heap   total 78848K, used 23436K [0x00000000c0000000, 0x0000000100000000)
  region size 1024K, 1 young (1024K), 0 survivors (0K)
 Metaspace       used 31222K, committed 32064K, reserved 1114112K
  class space    used 4214K, committed 4544K, reserved 1048576K
GC Heap History (19 events):
Event: 9.378 GC heap before
{Heap before GC invocations=0 (full 0):
 garbage-first heap   total 98304K, used 16384K [0x00000000c0000000, 0x0000000100000000)
  region size 1024K, 13 young (13312K), 0 survivors (0K)
 Metaspace       used 453K, committed 640K, reserved 1114112K
  class space    used 46K, committed 128K, reserved 1048576K
}
Event: 9.468 GC heap after
{Heap after GC invocations=1 (full 0):
 garbage-first heap   total 98304K, used 12156K [0x00000000c0000000, 0x0000000100000000)
  region size 1024K, 2 young (2048K), 2 survivors (2048K)
 Metaspace       used 453K, committed 640K, reserved 1114112K
  class space    used 46K, committed 128K, reserved 1048576K
}
Event: 14.236 GC heap before
{Heap before GC invocations=1 (full 0):
 garbage-first heap   total 98304K, used 20348K [0x00000000c0000000, 0x0000000100000000)
  region size 1024K, 10 young (10240K), 2 survivors (2048K)
 Metaspace       used 2658K, committed 2816K, reserved 1114112K
  class space    used 328K, committed 384K, reserved 1048576K
}
Event: 14.240 GC heap after
{Heap after GC invocations=2 (full 0):
 garbage-first heap   total 98304K, used 13794K [0x00000000c0000000, 0x0000000100000000)
  region size 1024K, 2 young (2048K), 2 survivors (2048K)
 Metaspace       used 2658K, committed 2816K, reserved 1114112K
  class space    used 328K, committed 384K, reserved 1048576K
}
Event: 15.935 GC heap before
{Heap before GC invocations=2 (full 0):
 garbage-first heap   total 98304K, used 30178K [0x00000000c0000000, 0x0000000100000000)
  region size 1024K, 18 young (18432K), 2 survivors (2048K)
 Metaspace       used 6258K, committed 6400K, reserved 1114112K
  class space    used 904K, committed 960K, reserved 1048576K
}
Event: 15.940 GC heap after
{Heap after GC invocations=3 (full 0):
 garbage-first heap   total 98304K, used 15216K [0x00000000c0000000, 0x0000000100000000)
  region size 1024K, 2 young (2048K), 2 survivors (2048K)
 Metaspace       used 6258K, committed 6400K, reserved 1114112K
  class space    used 904K, committed 960K, reserved 1048576K
}
Event: 24.547 GC heap before
{Heap before GC invocations=3 (full 0):
 garbage-first heap   total 98304K, used 69488K [0x00000000c0000000, 0x0000000100000000)
  region size 1024K, 56 young (57344K), 2 survivors (2048K)
 Metaspace       used 18981K, committed 19264K, reserved 1114112K
  class space    used 2428K, committed 2560K, reserved 1048576K
}
Event: 24.564 GC heap after
{Heap after GC invocations=4 (full 0):
 garbage-first heap   total 98304K, used 20905K [0x00000000c0000000, 0x0000000100000000)
  region size 1024K, 7 young (7168K), 7 survivors (7168K)
 Metaspace       used 18981K, committed 19264K, reserved 1114112K
  class space    used 2428K, committed 2560K, reserved 1048576K
}
Event: 27.137 GC heap before
{Heap before GC invocations=4 (full 0):
 garbage-first heap   total 98304K, used 40361K [0x00000000c0000000, 0x0000000100000000)
  region size 1024K, 27 young (27648K), 7 survivors (7168K)
 Metaspace       used 21215K, committed 21504K, reserved 1114112K
  class space    used 2721K, committed 2880K, reserved 1048576K
}
Event: 27.158 GC heap after
{Heap after GC invocations=5 (full 0):
 garbage-first heap   total 98304K, used 22528K [0x00000000c0000000, 0x0000000100000000)
  region size 1024K, 2 young (2048K), 2 survivors (2048K)
 Metaspace       used 21215K, committed 21504K, reserved 1114112K
  class space    used 2721K, committed 2880K, reserved 1048576K
}
Event: 30.853 GC heap before
{Heap before GC invocations=6 (full 0):
 garbage-first heap   total 78848K, used 67584K [0x00000000c0000000, 0x0000000100000000)
  region size 1024K, 46 young (47104K), 2 survivors (2048K)
 Metaspace       used 28503K, committed 29056K, reserved 1114112K
  class space    used 3782K, committed 4032K, reserved 1048576K
}
Event: 30.870 GC heap after
{Heap after GC invocations=7 (full 0):
 garbage-first heap   total 78848K, used 26593K [0x00000000c0000000, 0x0000000100000000)
  region size 1024K, 6 young (6144K), 6 survivors (6144K)
 Metaspace       used 28503K, committed 29056K, reserved 1114112K
  class space    used 3782K, committed 4032K, reserved 1048576K
}
Event: 71.315 GC heap before
{Heap before GC invocations=7 (full 0):
 garbage-first heap   total 78848K, used 45025K [0x00000000c0000000, 0x0000000100000000)
  region size 1024K, 25 young (25600K), 6 survivors (6144K)
 Metaspace       used 31395K, committed 32064K, reserved 1114112K
  class space    used 4261K, committed 4544K, reserved 1048576K
}
Event: 71.379 GC heap after
{Heap after GC invocations=8 (full 1):
 garbage-first heap   total 78848K, used 26205K [0x00000000c0000000, 0x0000000100000000)
  region size 1024K, 0 young (0K), 0 survivors (0K)
 Metaspace       used 31395K, committed 32064K, reserved 1114112K
  class space    used 4261K, committed 4544K, reserved 1048576K
}
Event: 81.712 GC heap before
{Heap before GC invocations=8 (full 1):
 garbage-first heap   total 78848K, used 26205K [0x00000000c0000000, 0x0000000100000000)
  region size 1024K, 1 young (1024K), 0 survivors (0K)
 Metaspace       used 31395K, committed 32064K, reserved 1114112K
  class space    used 4261K, committed 4544K, reserved 1048576K
}
Event: 81.762 GC heap after
{Heap after GC invocations=9 (full 2):
 garbage-first heap   total 78848K, used 25195K [0x00000000c0000000, 0x0000000100000000)
  region size 1024K, 0 young (0K), 0 survivors (0K)
 Metaspace       used 31372K, committed 32064K, reserved 1114112K
  class space    used 4254K, committed 4544K, reserved 1048576K
}
Event: 92.205 GC heap before
{Heap before GC invocations=9 (full 2):
 garbage-first heap   total 78848K, used 25195K [0x00000000c0000000, 0x0000000100000000)
  region size 1024K, 1 young (1024K), 0 survivors (0K)
 Metaspace       used 31372K, committed 32064K, reserved 1114112K
  class space    used 4254K, committed 4544K, reserved 1048576K
}
Event: 92.259 GC heap after
{Heap after GC invocations=10 (full 3):
 garbage-first heap   total 78848K, used 23436K [0x00000000c0000000, 0x0000000100000000)
  region size 1024K, 0 young (0K), 0 survivors (0K)
 Metaspace       used 31222K, committed 32064K, reserved 1114112K
  class space    used 4214K, committed 4544K, reserved 1048576K
}
Event: 102.613 GC heap before
{Heap before GC invocations=10 (full 3):
 garbage-first heap   total 78848K, used 23436K [0x00000000c0000000, 0x0000000100000000)
  region size 1024K, 1 young (1024K), 0 survivors (0K)
 Metaspace       used 31222K, committed 32064K, reserved 1114112K
  class space    used 4214K, committed 4544K, reserved 1048576K
}

